0 info it worked if it ends with ok
1 verbose cli [ '/usr/local/Cellar/node/6.5.0/bin/node',
1 verbose cli   '/usr/local/bin/npm',
1 verbose cli   'publish' ]
2 info using npm@4.0.2
3 info using node@v6.5.0
4 verbose publish [ '.' ]
5 silly cache add args [ '.', null ]
6 verbose cache add spec .
7 silly cache add parsed spec Result {
7 silly cache add   raw: '.',
7 silly cache add   scope: null,
7 silly cache add   escapedName: null,
7 silly cache add   name: null,
7 silly cache add   rawSpec: '.',
7 silly cache add   spec: '/Users/nik/Desktop/ftc-dev',
7 silly cache add   type: 'directory' }
8 verbose addLocalDirectory /Users/nik/.npm/ftc/1.0.0/package.tgz not in flight; packing
9 verbose correctMkdir /Users/nik/.npm correctMkdir not in flight; initializing
10 info lifecycle ftc@1.0.0~prepublish: ftc@1.0.0
11 silly lifecycle ftc@1.0.0~prepublish: no script for prepublish, continuing
12 info lifecycle ftc@1.0.0~prepare: ftc@1.0.0
13 silly lifecycle ftc@1.0.0~prepare: no script for prepare, continuing
14 verbose tar pack [ '/Users/nik/.npm/ftc/1.0.0/package.tgz',
14 verbose tar pack   '/Users/nik/Desktop/ftc-dev' ]
15 verbose tarball /Users/nik/.npm/ftc/1.0.0/package.tgz
16 verbose folder /Users/nik/Desktop/ftc-dev
17 verbose addLocalTarball adding from inside cache /Users/nik/.npm/ftc/1.0.0/package.tgz
18 verbose correctMkdir /Users/nik/.npm correctMkdir not in flight; initializing
19 silly cache afterAdd ftc@1.0.0
20 verbose afterAdd /Users/nik/.npm/ftc/1.0.0/package/package.json not in flight; writing
21 verbose correctMkdir /Users/nik/.npm correctMkdir not in flight; initializing
22 verbose afterAdd /Users/nik/.npm/ftc/1.0.0/package/package.json written
23 silly publish { name: 'ftc',
23 silly publish   version: '1.0.0',
23 silly publish   scripts: { build: 'npm install && npm link' },
23 silly publish   bin: { ftc: './index.js' },
23 silly publish   dependencies: { lodash: '^4.17.4' },
23 silly publish   readme: '# Firebase to CSV\n\nConvert Firebase JSON data to CSV.\n\n## Installation\n\n- `npm i -g ftc`\n\n## Usage\n\n- `ftc <input>` - Creates a CSV of each form section in the current directory.\n',
23 silly publish   readmeFilename: 'README.md',
23 silly publish   gitHead: '821b1d5940305e2651bf6eb149e3c8c4475ec3fc',
23 silly publish   description: 'Convert Firebase JSON data to CSV.',
23 silly publish   _id: 'ftc@1.0.0',
23 silly publish   _shasum: '2f3c41c0fb339cecc2a06e8560155353d6e3eab1',
23 silly publish   _from: '.' }
24 info lifecycle ftc@1.0.0~prepublishOnly: ftc@1.0.0
25 silly lifecycle ftc@1.0.0~prepublishOnly: no script for prepublishOnly, continuing
26 verbose getPublishConfig undefined
27 silly mapToRegistry name ftc
28 silly mapToRegistry using default registry
29 silly mapToRegistry registry https://registry.npmjs.org/
30 silly mapToRegistry data Result {
30 silly mapToRegistry   raw: 'ftc',
30 silly mapToRegistry   scope: null,
30 silly mapToRegistry   escapedName: 'ftc',
30 silly mapToRegistry   name: 'ftc',
30 silly mapToRegistry   rawSpec: '',
30 silly mapToRegistry   spec: 'latest',
30 silly mapToRegistry   type: 'tag' }
31 silly mapToRegistry uri https://registry.npmjs.org/ftc
32 verbose publish registryBase https://registry.npmjs.org/
33 silly publish uploading /Users/nik/.npm/ftc/1.0.0/package.tgz
34 verbose request uri https://registry.npmjs.org/ftc
35 verbose request sending authorization for write operation
36 info attempt registry request try #1 at 10:13:33 AM
37 verbose request using bearer token for auth
38 verbose request id 238cf2bd71e753f2
39 http request PUT https://registry.npmjs.org/ftc
40 http 403 https://registry.npmjs.org/ftc
41 verbose headers { 'content-type': 'application/json',
41 verbose headers   'cache-control': 'max-age=300',
41 verbose headers   'content-length': '95',
41 verbose headers   'accept-ranges': 'bytes',
41 verbose headers   date: 'Tue, 14 Feb 2017 10:13:34 GMT',
41 verbose headers   via: '1.1 varnish',
41 verbose headers   connection: 'keep-alive',
41 verbose headers   'x-served-by': 'cache-lcy1129-LCY',
41 verbose headers   'x-cache': 'MISS',
41 verbose headers   'x-cache-hits': '0',
41 verbose headers   'x-timer': 'S1487067213.519839,VS0,VE818',
41 verbose headers   vary: 'Accept-Encoding' }
42 verbose request invalidating /Users/nik/.npm/registry.npmjs.org/ftc on PUT
43 error publish Failed PUT 403
44 verbose stack Error: "You cannot publish over the previously published version 1.0.0." : ftc
44 verbose stack     at makeError (/usr/local/lib/node_modules/npm/node_modules/npm-registry-client/lib/request.js:302:12)
44 verbose stack     at CachingRegistryClient.<anonymous> (/usr/local/lib/node_modules/npm/node_modules/npm-registry-client/lib/request.js:290:14)
44 verbose stack     at Request._callback (/usr/local/lib/node_modules/npm/node_modules/npm-registry-client/lib/request.js:210:14)
44 verbose stack     at Request.self.callback (/usr/local/lib/node_modules/npm/node_modules/request/request.js:186:22)
44 verbose stack     at emitTwo (events.js:106:13)
44 verbose stack     at Request.emit (events.js:191:7)
44 verbose stack     at Request.<anonymous> (/usr/local/lib/node_modules/npm/node_modules/request/request.js:1081:10)
44 verbose stack     at emitOne (events.js:96:13)
44 verbose stack     at Request.emit (events.js:188:7)
44 verbose stack     at IncomingMessage.<anonymous> (/usr/local/lib/node_modules/npm/node_modules/request/request.js:1001:12)
45 verbose statusCode 403
46 verbose pkgid ftc
47 verbose cwd /Users/nik/Desktop/ftc-dev
48 error Darwin 16.0.0
49 error argv "/usr/local/Cellar/node/6.5.0/bin/node" "/usr/local/bin/npm" "publish"
50 error node v6.5.0
51 error npm  v4.0.2
52 error code E403
53 error "You cannot publish over the previously published version 1.0.0." : ftc
54 error If you need help, you may report this error at:
54 error     <https://github.com/npm/npm/issues>
55 verbose exit [ 1, true ]
